[2026-04-20 15:18:37] local.ERROR: [ZouyoPdfController] PDF generation failed {"dataId":70,"paperSize":"A3","pages":[3],"error":"syntax error, unexpected variable \"$tableBuilder\", expecting \"function\" or \"const\""} 
[2026-04-20 15:21:05] local.ERROR: [ZouyoPdfController] PDF generation failed {"dataId":70,"paperSize":"A3","pages":[3],"error":"syntax error, unexpected variable \"$tableBuilder\", expecting \"function\" or \"const\""} 
[2026-04-20 16:30:07] local.INFO: [PGR Observer] creating with keys OK {"attrs":{"recipient_no":2,"recipient_name":null,"data_id":75},"request_uri":"https://da1aaceaea244cd08aabbac28a44bc96.vfs.cloud9.us-east-1.amazonaws.com/zouyo/data/copy","trace":"#0 /home/ec2-user/environment/app/zouyo/vendor/laravel/framework/src/Illuminate/Events/Dispatcher.php:478
#1 /home/ec2-user/environment/app/zouyo/vendor/laravel/framework/src/Illuminate/Events/Dispatcher.php:286
#2 /home/ec2-user/environment/app/zouyo/vendor/laravel/framework/src/Illuminate/Events/Dispatcher.php:266
#3 /home/ec2-user/environment/app/zouyo/vendor/laravel/framework/src/Illuminate/Events/Dispatcher.php:232
#4 /home/ec2-user/environment/app/zouyo/vendor/laravel/framework/src/Illuminate/Database/Eloquent/Concerns/HasEvents.php:215
#5 /home/ec2-user/environment/app/zouyo/vendor/laravel/framework/src/Illuminate/Database/Eloquent/Model.php:1282
#6 /home/ec2-user/environment/app/zouyo/vendor/laravel/framework/src/Illuminate/Database/Eloquent/Model.php:1138
#7 /home/ec2-user/environment/app/zouyo/app/Services/Zouyo/CopyZouyoDataService.php:95
#8 /home/ec2-user/environment/app/zouyo/app/Services/Zouyo/CopyZouyoDataService.php:50
#9 /home/ec2-user/environment/app/zouyo/vendor/laravel/framework/src/Illuminate/Database/Concerns/ManagesTransactions.php:30
#10 /home/ec2-user/environment/app/zouyo/vendor/laravel/framework/src/Illuminate/Database/DatabaseManager.php:509
#11 /home/ec2-user/environment/app/zouyo/vendor/laravel/framework/src/Illuminate/Support/Facades/Facade.php:355
#12 /home/ec2-user/environment/app/zouyo/app/Services/Zouyo/CopyZouyoDataService.php:24
#13 /home/ec2-user/environment/app/zouyo/app/Http/Controllers/Tax/ZouyoDataController.php:355
#14 /home/ec2-user/environment/app/zouyo/vendor/laravel/framework/src/Illuminate/Routing/Controller.php:54
#15 /home/ec2-user/environment/app/zouyo/vendor/laravel/framework/src/Illuminate/Routing/ControllerDispatcher.php:43
#16 /home/ec2-user/environment/app/zouyo/vendor/laravel/framework/src/Illuminate/Routing/Route.php:259
#17 /home/ec2-user/environment/app/zouyo/vendor/laravel/framework/src/Illuminate/Routing/Route.php:205
#18 /home/ec2-user/environment/app/zouyo/vendor/laravel/framework/src/Illuminate/Routing/Router.php:806
#19 /home/ec2-user/environment/app/zouyo/vendor/laravel/framework/src/Illuminate/Pipeline/Pipeline.php:144"} 
[2026-04-20 16:30:07] local.WARNING: [SQL-TRACE] insert into past_gift_recipients {"sql":"insert into `past_gift_recipients` (`recipient_no`, `recipient_name`, `data_id`, `updated_at`, `created_at`) values (?, ?, ?, ?, ?)","bindings":[2,null,75,"2026-04-20 16:30:07","2026-04-20 16:30:07"],"trace":"#0 /home/ec2-user/environment/app/zouyo/vendor/laravel/framework/src/Illuminate/Events/Dispatcher.php:458
#1 /home/ec2-user/environment/app/zouyo/vendor/laravel/framework/src/Illuminate/Events/Dispatcher.php:286
#2 /home/ec2-user/environment/app/zouyo/vendor/laravel/framework/src/Illuminate/Events/Dispatcher.php:266
#3 /home/ec2-user/environment/app/zouyo/vendor/laravel/framework/src/Illuminate/Database/Connection.php:1093
#4 /home/ec2-user/environment/app/zouyo/vendor/laravel/framework/src/Illuminate/Database/Connection.php:858
#5 /home/ec2-user/environment/app/zouyo/vendor/laravel/framework/src/Illuminate/Database/Connection.php:793
#6 /home/ec2-user/environment/app/zouyo/vendor/laravel/framework/src/Illuminate/Database/MySqlConnection.php:34
#7 /home/ec2-user/environment/app/zouyo/vendor/laravel/framework/src/Illuminate/Database/Query/Processors/MySqlProcessor.php:35
#8 /home/ec2-user/environment/app/zouyo/vendor/laravel/framework/src/Illuminate/Database/Query/Builder.php:3549
#9 /home/ec2-user/environment/app/zouyo/vendor/laravel/framework/src/Illuminate/Database/Eloquent/Builder.php:1982
#10 /home/ec2-user/environment/app/zouyo/vendor/laravel/framework/src/Illuminate/Database/Eloquent/Model.php:1334
#11 /home/ec2-user/environment/app/zouyo/vendor/laravel/framework/src/Illuminate/Database/Eloquent/Model.php:1299
#12 /home/ec2-user/environment/app/zouyo/vendor/laravel/framework/src/Illuminate/Database/Eloquent/Model.php:1138
#13 /home/ec2-user/environment/app/zouyo/app/Services/Zouyo/CopyZouyoDataService.php:95
#14 /home/ec2-user/environment/app/zouyo/app/Services/Zouyo/CopyZouyoDataService.php:50
#15 /home/ec2-user/environment/app/zouyo/vendor/laravel/framework/src/Illuminate/Database/Concerns/ManagesTransactions.php:30
#16 /home/ec2-user/environment/app/zouyo/vendor/laravel/framework/src/Illuminate/Database/DatabaseManager.php:509
#17 /home/ec2-user/environment/app/zouyo/vendor/laravel/framework/src/Illuminate/Support/Facades/Facade.php:355
#18 /home/ec2-user/environment/app/zouyo/app/Services/Zouyo/CopyZouyoDataService.php:24
#19 /home/ec2-user/environment/app/zouyo/app/Http/Controllers/Tax/ZouyoDataController.php:355"} 
