nohup: ignoring input

   INFO  Server running on [http://0.0.0.0:8080].  

  Press Ctrl+C to stop the server

  2026-04-21 23:29:29 ................................................... ~ 0s
  2026-04-21 23:29:30 ................................................... ~ 0s
  2026-04-21 23:29:30 /css/style.css?v=1766019354 ....................... ~ 0s
  2026-04-21 23:29:30 /storage/images/kado_lefttop.jpg .................. ~ 0s
  2026-04-21 23:29:31 /favicon.ico ...................................... ~ 0s
  2026-04-21 23:29:32 ................................................... ~ 0s
  2026-04-21 23:29:33 /css/style.css?v=1766019354 ....................... ~ 0s
  2026-04-21 23:29:33 /storage/images/ribbon.jpg ........................ ~ 0s
  2026-04-21 23:29:34 ................................................... ~ 0s
  2026-04-21 23:29:34 /favicon.ico ...................................... ~ 0s
  2026-04-21 23:29:35 ................................................... ~ 1s
  2026-04-21 23:29:36 ................................................... ~ 0s
  2026-04-21 23:29:36 ................................................... ~ 0s
  2026-04-21 23:29:40 ................................................... ~ 0s
  2026-04-21 23:29:41 ................................................... ~ 0s
  2026-04-21 23:29:41 ................................................... ~ 1s
  2026-04-21 23:29:43 ................................................... ~ 0s
  2026-04-21 23:29:43 ................................................... ~ 0s
  2026-04-21 23:29:46 ................................................... ~ 0s
  2026-04-21 23:29:47 ................................................... ~ 1s
  2026-04-21 23:29:48 ................................................... ~ 0s
  2026-04-21 23:29:49 /css/style.css?v=1766019354 ....................... ~ 0s
  2026-04-21 23:29:49 /storage/images/ribbon.jpg ........................ ~ 0s
  2026-04-21 23:29:50 ................................................... ~ 0s
  2026-04-21 23:29:50 /favicon.ico ...................................... ~ 0s
  2026-04-21 23:29:52 ................................................... ~ 2s
  2026-04-21 23:29:54 /favicon.ico ...................................... ~ 1s
  2026-04-22 00:01:26 ................................................... ~ 0s
  2026-04-22 00:01:27 ................................................... ~ 0s
  2026-04-22 00:01:30 ................................................... ~ 0s
  2026-04-22 00:01:31 ................................................... ~ 0s
  2026-04-22 00:01:32 ................................................... ~ 0s
  2026-04-22 00:01:33 ................................................... ~ 0s
  2026-04-22 00:26:51 ................................................... ~ 1s
  2026-04-22 00:26:52 ................................................... ~ 1s
  2026-04-22 00:26:54 ................................................... ~ 0s
  2026-04-22 00:26:54 /css/style.css?v=1766019354 ....................... ~ 1s
  2026-04-22 00:26:54 /storage/images/ribbon.jpg ........................ ~ 1s
  2026-04-22 00:26:56 ................................................... ~ 0s
  2026-04-22 00:26:56 /favicon.ico ...................................... ~ 0s
  2026-04-22 00:26:58 ................................................... ~ 1s
  2026-04-22 00:26:59 /favicon.ico ...................................... ~ 2s
  2026-04-22 00:27:21 ................................................... ~ 1s
  2026-04-22 00:27:22 /favicon.ico ...................................... ~ 0s
  2026-04-22 00:27:31 ................................................... ~ 0s
  2026-04-22 00:27:31 ................................................... ~ 0s
  2026-04-22 00:27:34 ................................................... ~ 0s
  2026-04-22 00:27:37 ................................................... ~ 0s
  2026-04-22 00:27:37 ................................................... ~ 2s
  2026-04-22 00:27:39 ................................................... ~ 0s
  2026-04-22 00:27:39 /css/style.css?v=1766019354 ....................... ~ 1s
  2026-04-22 00:27:39 /storage/images/ribbon.jpg ........................ ~ 1s
  2026-04-22 00:27:40 ................................................... ~ 1s
  2026-04-22 00:27:41 /favicon.ico ...................................... ~ 0s
  2026-04-22 00:27:42 ................................................... ~ 1s
  2026-04-22 00:27:43 /favicon.ico ...................................... ~ 0s
  2026-04-22 00:36:11 ................................................... ~ 0s
  2026-04-22 00:36:12 /favicon.ico ...................................... ~ 0s
  2026-04-22 00:36:21 ................................................... ~ 0s
  2026-04-22 00:36:21 ................................................... ~ 0s
  2026-04-22 00:36:27 ................................................... ~ 0s
  2026-04-22 00:36:27 ................................................... ~ 2s
  2026-04-22 00:36:29 ................................................... ~ 0s
  2026-04-22 00:36:29 /css/style.css?v=1766019354 ....................... ~ 1s
  2026-04-22 00:36:29 /storage/images/ribbon.jpg ........................ ~ 1s
  2026-04-22 00:36:30 ................................................... ~ 0s
  2026-04-22 00:36:30 /favicon.ico ...................................... ~ 0s
  2026-04-22 00:36:32 ................................................... ~ 1s
  2026-04-22 00:36:33 /favicon.ico ...................................... ~ 0s
  2026-04-22 00:42:13 ................................................... ~ 0s
  2026-04-22 00:42:14 ................................................... ~ 0s
  2026-04-22 00:50:46 ................................................... ~ 1s
  2026-04-22 00:50:47 ................................................... ~ 1s
  2026-04-22 00:50:48 ................................................... ~ 1s
  2026-04-22 00:50:49 /css/style.css?v=1766019354 ....................... ~ 0s
  2026-04-22 00:50:49 /storage/images/ribbon.jpg ........................ ~ 0s
  2026-04-22 00:50:50 ................................................... ~ 0s
  2026-04-22 00:50:50 /favicon.ico ...................................... ~ 0s
  2026-04-22 00:50:51 ................................................... ~ 1s
  2026-04-22 00:50:52 /favicon.ico ...................................... ~ 0s
  2026-04-22 01:24:00 ................................................... ~ 0s
  2026-04-22 01:24:01 /favicon.ico ...................................... ~ 0s
  2026-04-22 01:26:44 ................................................... ~ 1s
  2026-04-22 01:26:45 /favicon.ico ...................................... ~ 1s
  2026-04-22 01:27:14 ................................................... ~ 1s
  2026-04-22 01:27:15 ................................................... ~ 0s
  2026-04-22 01:27:16 ................................................... ~ 1s
  2026-04-22 01:27:17 ................................................... ~ 1s
  2026-04-22 01:27:18 /css/style.css?v=1766019354 ....................... ~ 0s
  2026-04-22 01:27:18 /storage/images/ribbon.jpg ........................ ~ 0s
  2026-04-22 01:27:19 ................................................... ~ 0s
  2026-04-22 01:27:19 /favicon.ico ...................................... ~ 0s
  2026-04-22 01:27:21 ................................................... ~ 0s
  2026-04-22 01:27:22 /favicon.ico ...................................... ~ 0s
  2026-04-22 01:30:14 ................................................... ~ 0s
  2026-04-22 01:30:14 ................................................... ~ 0s
  2026-04-22 01:30:14 /css/style.css?v=1766019354 ....................... ~ 1s
  2026-04-22 01:30:14 /storage/images/kado_lefttop.jpg .................. ~ 1s
  2026-04-22 01:30:15 /favicon.ico ...................................... ~ 0s
  2026-04-22 01:30:16 ................................................... ~ 0s
  2026-04-22 01:30:17 /css/style.css?v=1766019354 ....................... ~ 0s
  2026-04-22 01:30:17 /storage/images/ribbon.jpg ........................ ~ 0s
  2026-04-22 01:30:18 ................................................... ~ 0s
  2026-04-22 01:30:18 /favicon.ico ...................................... ~ 0s
  2026-04-22 01:30:19 ................................................... ~ 0s
  2026-04-22 01:30:19 ................................................... ~ 0s
  2026-04-22 01:30:19 ................................................... ~ 0s
  2026-04-22 01:31:56 ................................................... ~ 0s
  2026-04-22 01:31:56 ................................................... ~ 0s
  2026-04-22 01:31:56 ................................................... ~ 0s
  2026-04-22 01:31:56 ................................................... ~ 0s
  2026-04-22 01:31:57 /css/style.css?v=1766019354 ....................... ~ 0s
  2026-04-22 01:31:57 /storage/images/kado_lefttop.jpg .................. ~ 0s
  2026-04-22 01:31:57 /favicon.ico ...................................... ~ 0s
  2026-04-22 01:31:58 ................................................... ~ 0s
  2026-04-22 01:31:59 /css/style.css?v=1766019354 ....................... ~ 0s
  2026-04-22 01:31:59 /storage/images/ribbon.jpg ........................ ~ 0s
  2026-04-22 01:32:00 ................................................... ~ 0s
  2026-04-22 01:32:00 /favicon.ico ...................................... ~ 0s
  2026-04-22 01:32:01 ................................................... ~ 0s
  2026-04-22 01:32:01 ................................................... ~ 0s
  2026-04-22 01:32:02 ................................................... ~ 0s
  2026-04-22 01:32:35 ................................................... ~ 1s
  2026-04-22 01:32:36 ................................................... ~ 1s
  2026-04-22 01:32:37 ................................................... ~ 0s
  2026-04-22 01:32:38 ................................................... ~ 0s
  2026-04-22 01:32:39 ................................................... ~ 0s
  2026-04-22 01:32:40 ................................................... ~ 0s
  2026-04-22 01:32:41 ................................................... ~ 0s
  2026-04-22 01:32:42 ................................................... ~ 0s
  2026-04-22 01:32:43 ................................................... ~ 0s
  2026-04-22 01:32:45 ................................................... ~ 0s
  2026-04-22 01:32:50 ................................................... ~ 0s
  2026-04-22 01:32:50 ................................................... ~ 0s
  2026-04-22 01:46:35 ................................................... ~ 0s
  2026-04-22 01:46:36 ................................................... ~ 1s
  2026-04-22 01:46:37 ................................................... ~ 1s
  2026-04-22 01:46:38 /css/style.css?v=1766019354 ....................... ~ 0s
  2026-04-22 01:46:38 /storage/images/ribbon.jpg ........................ ~ 0s
  2026-04-22 01:46:39 ................................................... ~ 0s
  2026-04-22 01:46:39 /favicon.ico ...................................... ~ 0s
  2026-04-22 01:46:42 ................................................... ~ 1s
  2026-04-22 01:46:43 /favicon.ico ...................................... ~ 0s
  2026-04-22 01:48:44 ................................................... ~ 1s
  2026-04-22 01:48:45 /favicon.ico ...................................... ~ 0s
  2026-04-22 01:52:50 ................................................... ~ 0s
  2026-04-22 01:52:51 ................................................... ~ 1s
  2026-04-22 01:52:51 ................................................... ~ 2s
  2026-04-22 01:54:01 ................................................... ~ 0s
  2026-04-22 01:54:03 ................................................... ~ 0s
  2026-04-22 01:54:03 ................................................... ~ 2s
  2026-04-22 01:54:03 ................................................... ~ 4s
  2026-04-22 01:58:33 ................................................... ~ 0s
  2026-04-22 01:59:18 ................................................... ~ 0s
  2026-04-22 01:59:18 ................................................... ~ 0s
  2026-04-22 01:59:19 /css/style.css?v=1766019354 ....................... ~ 0s
  2026-04-22 01:59:19 /storage/images/kado_lefttop.jpg .................. ~ 0s
  2026-04-22 01:59:19 /favicon.ico ...................................... ~ 0s
  2026-04-22 01:59:21 ................................................... ~ 0s
  2026-04-22 01:59:21 /css/style.css?v=1766019354 ....................... ~ 1s
  2026-04-22 01:59:21 /storage/images/ribbon.jpg ........................ ~ 1s
  2026-04-22 01:59:22 ................................................... ~ 0s
  2026-04-22 01:59:22 /favicon.ico ...................................... ~ 0s
  2026-04-22 02:00:47 ................................................... ~ 0s
  2026-04-22 02:00:47 ................................................... ~ 0s
  2026-04-22 02:00:48 ................................................... ~ 0s
  2026-04-22 02:00:53 ................................................... ~ 0s
  2026-04-22 02:00:53 ................................................... ~ 0s
  2026-04-22 02:00:53 ................................................... ~ 1s
  2026-04-22 02:00:54 ................................................... ~ 0s
  2026-04-22 02:00:54 /css/style.css?v=1766019354 ....................... ~ 0s
  2026-04-22 02:00:54 /storage/images/kado_lefttop.jpg .................. ~ 0s
  2026-04-22 02:00:54 /favicon.ico ...................................... ~ 0s
  2026-04-22 02:00:56 ................................................... ~ 0s
  2026-04-22 02:00:56 /css/style.css?v=1766019354 ....................... ~ 1s
  2026-04-22 02:00:56 /storage/images/ribbon.jpg ........................ ~ 1s
  2026-04-22 02:00:57 ................................................... ~ 0s
  2026-04-22 02:00:57 /favicon.ico ...................................... ~ 0s
  2026-04-22 02:00:58 ................................................... ~ 0s
  2026-04-22 02:00:59 ................................................... ~ 0s
  2026-04-22 02:00:59 ................................................... ~ 0s
  2026-04-22 02:01:34 ................................................... ~ 0s
  2026-04-22 02:01:37 ................................................... ~ 0s
  2026-04-22 02:01:37 ................................................... ~ 2s
  2026-04-22 02:01:39 ................................................... ~ 0s
  2026-04-22 02:01:39 /css/style.css?v=1766019354 ....................... ~ 1s
  2026-04-22 02:01:39 /storage/images/ribbon.jpg ........................ ~ 1s
  2026-04-22 02:01:40 ................................................... ~ 0s
  2026-04-22 02:01:40 /favicon.ico ...................................... ~ 0s
  2026-04-22 02:01:42 ................................................... ~ 0s
  2026-04-22 02:01:43 /favicon.ico ...................................... ~ 0s
  2026-04-22 02:06:37 ................................................... ~ 0s
  2026-04-22 02:06:37 ................................................... ~ 1s
  2026-04-22 02:11:29 ................................................... ~ 0s
  2026-04-22 02:11:30 ................................................... ~ 1s
  2026-04-22 02:11:31 ................................................... ~ 0s
  2026-04-22 02:11:32 /css/style.css?v=1766019354 ....................... ~ 0s
  2026-04-22 02:11:32 /storage/images/ribbon.jpg ........................ ~ 0s
  2026-04-22 02:11:33 ................................................... ~ 0s
  2026-04-22 02:11:33 /favicon.ico ...................................... ~ 0s
  2026-04-22 02:11:35 ................................................... ~ 0s
  2026-04-22 02:11:35 /favicon.ico ...................................... ~ 0s
  2026-04-22 02:11:59 ................................................... ~ 0s
  2026-04-22 02:11:59 ................................................... ~ 0s
  2026-04-22 02:12:01 ................................................... ~ 0s
  2026-04-22 02:12:01 ................................................... ~ 1s
  2026-04-22 02:12:07 ................................................... ~ 0s
  2026-04-22 02:12:17 ................................................... ~ 0s
  2026-04-22 02:12:18 ................................................... ~ 1s
  2026-04-22 02:12:19 ................................................... ~ 0s
  2026-04-22 02:12:20 /css/style.css?v=1766019354 ....................... ~ 0s
  2026-04-22 02:12:20 /storage/images/ribbon.jpg ........................ ~ 0s
  2026-04-22 02:12:21 ................................................... ~ 0s
  2026-04-22 02:12:21 /favicon.ico ...................................... ~ 0s
  2026-04-22 02:12:22 ................................................... ~ 1s
  2026-04-22 02:12:23 /favicon.ico ...................................... ~ 0s
  2026-04-22 02:12:40 ................................................... ~ 0s
  2026-04-22 02:12:40 ................................................... ~ 0s
  2026-04-22 02:12:59 ................................................... ~ 1s
  2026-04-22 02:13:00 ................................................... ~ 3s
  2026-04-22 02:13:03 ................................................... ~ 0s
  2026-04-22 02:13:04 /css/style.css?v=1766019354 ....................... ~ 0s
  2026-04-22 02:13:04 /storage/images/ribbon.jpg ........................ ~ 0s
  2026-04-22 02:13:05 ................................................... ~ 0s
  2026-04-22 02:13:05 /favicon.ico ...................................... ~ 0s
  2026-04-22 02:13:08 ................................................... ~ 0s
  2026-04-22 02:13:08 /favicon.ico ...................................... ~ 0s
